Connecting to database specified by database.yml
Connecting to database specified by database.yml
Connecting to database specified by database.yml
Compiled jquery.js  (1ms)  (pid 36750)
Compiled jquery_ujs.js  (0ms)  (pid 36750)
Compiled jquery.fancybox.js  (0ms)  (pid 36750)
Compiled users.js  (165ms)  (pid 36750)
Compiled application.js  (209ms)  (pid 36750)
Compiled application.css  (325ms)  (pid 36750)
Connecting to database specified by database.yml
Compiled jquery.js  (1ms)  (pid 36750)
Compiled jquery_ujs.js  (0ms)  (pid 36750)
Compiled jquery.fancybox.js  (0ms)  (pid 36750)
Compiled users.js  (88ms)  (pid 36750)
Compiled application.js  (127ms)  (pid 36750)
Compiled application.css  (312ms)  (pid 36750)
Connecting to database specified by database.yml
Compiled jquery.js  (1ms)  (pid 37075)
Compiled jquery_ujs.js  (0ms)  (pid 37075)
Compiled jquery.fancybox.js  (0ms)  (pid 37075)
Compiled users.js  (180ms)  (pid 37075)
Compiled application.js  (214ms)  (pid 37075)
Compiled application.css  (347ms)  (pid 37075)
Compiled jquery.fancybox.css  (0ms)  (pid 37075)
Connecting to database specified by database.yml
Compiled jquery.js  (1ms)  (pid 37075)
Compiled jquery_ujs.js  (0ms)  (pid 37075)
Compiled jquery.fancybox.js  (0ms)  (pid 37075)
Compiled users.js  (91ms)  (pid 37075)
Compiled application.js  (112ms)  (pid 37075)
Compiled application.css  (333ms)  (pid 37075)
Compiled jquery.fancybox.css  (0ms)  (pid 37075)
Connecting to database specified by database.yml
Connecting to database specified by database.yml
Compiled jquery.js  (1ms)  (pid 37243)
Compiled jquery_ujs.js  (0ms)  (pid 37243)
Compiled jquery.fancybox.js  (0ms)  (pid 37243)
Compiled users.js  (112ms)  (pid 37243)
Compiled application.js  (134ms)  (pid 37243)
Compiled application.css  (342ms)  (pid 37243)
Compiled jquery.fancybox.css  (0ms)  (pid 37243)
Connecting to database specified by database.yml
Compiled jquery.js  (1ms)  (pid 37243)
Compiled jquery_ujs.js  (0ms)  (pid 37243)
Compiled jquery.fancybox.js  (0ms)  (pid 37243)
Compiled users.js  (90ms)  (pid 37243)
Compiled application.js  (110ms)  (pid 37243)
Compiled application.css  (341ms)  (pid 37243)
Compiled jquery.fancybox.css  (0ms)  (pid 37243)
Connecting to database specified by database.yml
Compiled jquery.js  (1ms)  (pid 49296)
Compiled jquery_ujs.js  (0ms)  (pid 49296)
Compiled jquery.fancybox.js  (0ms)  (pid 49296)
Compiled users.js  (141ms)  (pid 49296)
Compiled application.js  (185ms)  (pid 49296)
Compiled application.css  (324ms)  (pid 49296)
Compiled jquery.fancybox.css  (0ms)  (pid 49296)
Connecting to database specified by database.yml
Compiled jquery.js  (1ms)  (pid 49296)
Compiled jquery_ujs.js  (0ms)  (pid 49296)
Compiled jquery.fancybox.js  (0ms)  (pid 49296)
Compiled users.js  (88ms)  (pid 49296)
Compiled application.js  (127ms)  (pid 49296)
Compiled application.css  (356ms)  (pid 49296)
Compiled jquery.fancybox.css  (0ms)  (pid 49296)
